<?xml version="1.0" encoding="UTF-8" ?>
<testsuite tests="5" failures="0" name="runnerTests.RunnerTest" time="26.311" errors="0" skipped="0">
  <properties>
[...]
</properties>
  <testcase classname="Hotel Booking Automation #1" name="SignIn Page check" time="9.57"/>
  <testcase classname="Hotel Booking Automation #2" name="User searching the hotel" time="3.255"/>
  <testcase classname="Hotel Booking Automation #3" name="User selecting the hotel" time="3.088"/>
  <testcase classname="Hotel Booking Automation #4" name="User Booking the hotel" time="8.582"/>
  <testcase classname="Hotel Booking Automation #5" name="Users confirm the booking" time="1.816"/>
</testsuite>